This file contains any messages produced by compilers while
running configure, to aid debugging if configure makes a mistake.

configure:559: checking for a BSD compatible install
configure:612: checking whether build environment is sane
configure:669: checking whether make sets ${MAKE}
configure:715: checking for working aclocal
configure:728: checking for working autoconf
configure:741: checking for working automake
configure:754: checking for working autoheader
configure:767: checking for working makeinfo
configure:787: checking for gcc
configure:900: checking whether the C compiler (gcc  ) works
configure:916: gcc -o conftest    conftest.c  1>&5
configure:942: checking whether the C compiler (gcc  ) is a cross-compiler
configure:947: checking whether we are using GNU C
configure:975: checking whether gcc accepts -g
configure:1011: checking for c++
configure:1043: checking whether the C++ compiler (c++  ) works
configure:1059: c++ -o conftest    conftest.C  1>&5
configure:1085: checking whether the C++ compiler (c++  ) is a cross-compiler
configure:1090: checking whether we are using GNU C++
configure:1118: checking whether c++ accepts -g
configure:1167: gcc -c -g -O2  conftest.c 1>&5
configure:1184: gcc -c -g -O2  conftest.c 1>&5
configure: In function 'main':
configure:1180:1: warning: incompatible implicit declaration of built-in function 'exit' [enabled by default]
configure:1212: checking for a BSD compatible install
configure:1267: checking how to run the C preprocessor
configure:1347: checking for ANSI C header files
configure:1454: checking for limits.h
configure:1454: checking for unistd.h
configure:1454: checking for sys/socket.h
configure:1454: checking for sys/poll.h
configure:1454: checking for netinet/in.h
configure:1454: checking for netdb.h
configure:1454: checking for arpa/inet.h
configure:1454: checking for sys/stat.h
configure:1492: checking for working const
configure:1567: checking for inline
configure:1612: checking for X
configure:2445: checking for socket
configure:2445: checking for poll
