This file contains any messages produced by compilers while
running configure, to aid debugging if configure makes a mistake.

It was created by libgcrypt configure 1.6.2, which was
generated by GNU Autoconf 2.69.  Invocation command line was

  $ ./configure 

## --------- ##
## Platform. ##
## --------- ##

hostname = rcarreon
uname -m = x86_64
uname -r = 3.17.7-200.fc20.x86_64
uname -s = Linux
uname -v = #1 SMP Wed Dec 17 03:35:33 UTC 2014

/usr/bin/uname -p = x86_64
/bin/uname -X     = unknown

/bin/arch              = x86_64
/usr/bin/arch -k       = unknown
/usr/convex/getsysinfo = unknown
/usr/bin/hostinfo      = unknown
/bin/machine           = unknown
/usr/bin/oslevel       = unknown
/bin/universe          = unknown

PATH: /usr/lib64/ccache
PATH: /sbin
PATH: /bin
PATH: /usr/sbin
PATH: /usr/bin


## ----------- ##
## Core tests. ##
## ----------- ##

configure:2749: checking for a BSD-compatible install
configure:2817: result: /bin/install -c
configure:2828: checking whether build environment is sane
configure:2878: result: yes
configure:3019: checking for a thread-safe mkdir -p
configure:3058: result: /bin/mkdir -p
configure:3071: checking for gawk
configure:3087: found /bin/gawk
configure:3098: result: gawk
configure:3109: checking whether make sets $(MAKE)
configure:3131: result: yes
configure:3219: checking build system type
configure:3233: result: x86_64-unknown-linux-gnu
configure:3253: checking host system type
configure:3266: result: x86_64-unknown-linux-gnu
configure:3287: checking whether to enable maintainer-specific portions of Makefiles
configure:3296: result: no
configure:3320: checking whether make supports nested variables
configure:3337: result: yes
configure:3379: checking whether make sets $(MAKE)
configure:3401: result: yes
configure:3472: checking for gcc
configure:3488: found /usr/lib64/ccache/gcc
configure:3499: result: gcc
configure:3728: checking for C compiler version
configure:3737: gcc --version >&5
gcc (GCC) 4.8.3 20140911 (Red Hat 4.8.3-7)
Copyright (C) 2013 Free Software Foundation, Inc.
This is free software; see the source for copying conditions.  There is NO
warranty; not even for MERCHANTABILITY or FITNESS FOR A PARTICULAR PURPOSE.

configure:3748: $? = 0
configure:3737: gcc -v >&5
Using built-in specs.
COLLECT_GCC=/bin/gcc
COLLECT_LTO_WRAPPER=/usr/libexec/gcc/x86_64-redhat-linux/4.8.3/lto-wrapper
Target: x86_64-redhat-linux
Configured with: ../configure --prefix=/usr --mandir=/usr/share/man --infodir=/usr/share/info --with-bugurl=http://bugzilla.redhat.com/bugzilla --enable-bootstrap --enable-shared --enable-threads=posix --enable-checking=release --with-system-zlib --enable-__cxa_atexit --disable-libunwind-exceptions --enable-gnu-unique-object --enable-linker-build-id --with-linker-hash-style=gnu --enable-languages=c,c++,objc,obj-c++,java,fortran,ada,go,lto --enable-plugin --enable-initfini-array --enable-java-awt=gtk --disable-dssi --with-java-home=/usr/lib/jvm/java-1.5.0-gcj-1.5.0.0/jre --enable-libgcj-multifile --enable-java-maintainer-mode --with-ecj-jar=/usr/share/java/eclipse-ecj.jar --disable-libjava-multilib --with-isl=/builddir/build/BUILD/gcc-4.8.3-20140911/obj-x86_64-redhat-linux/isl-install --with-cloog=/builddir/build/BUILD/gcc-4.8.3-20140911/obj-x86_64-redhat-linux/cloog-install --with-tune=generic --with-arch_32=i686 --build=x86_64-redhat-linux
Thread model: posix
gcc version 4.8.3 20140911 (Red Hat 4.8.3-7) (GCC) 
configure:3748: $? = 0
configure:3737: gcc -V >&5
gcc: error: unrecognized command line option '-V'
gcc: fatal error: no input files
compilation terminated.
configure:3748: $? = 4
configure:3737: gcc -qversion >&5
gcc: error: unrecognized command line option '-qversion'
gcc: fatal error: no input files
compilation terminated.
configure:3748: $? = 4
configure:3768: checking whether the C compiler works
configure:3790: gcc    conftest.c  >&5
configure:3794: $? = 0
configure:3842: result: yes
configure:3845: checking for C compiler default output file name
configure:3847: result: a.out
configure:3853: checking for suffix of executables
configure:3860: gcc -o conftest    conftest.c  >&5
configure:3864: $? = 0
configure:3886: result: 
configure:3908: checking whether we are cross compiling
configure:3916: gcc -o conftest    conftest.c  >&5
configure:3920: $? = 0
configure:3927: ./conftest
configure:3931: $? = 0
configure:3946: result: no
configure:3951: checking for suffix of object files
configure:3973: gcc -c   conftest.c >&5
configure:3977: $? = 0
configure:3998: result: o
configure:4002: checking whether we are using the GNU C compiler
configure:4021: gcc -c   conftest.c >&5
configure:4021: $? = 0
configure:4030: result: yes
configure:4039: checking whether gcc accepts -g
configure:4059: gcc -c -g  conftest.c >&5
configure:4059: $? = 0
configure:4100: result: yes
configure:4117: checking for gcc option to accept ISO C89
configure:4180: gcc  -c -g -O2  conftest.c >&5
configure:4180: $? = 0
configure:4193: result: none needed
configure:4224: checking for style of include used by make
configure:4252: result: GNU
configure:4278: checking dependency style of gcc
configure:4389: result: gcc3
configure:4409: checking how to run the C preprocessor
configure:4440: gcc -E  conftest.c
configure:4440: $? = 0
configure:4454: gcc -E  conftest.c
conftest.c:13:28: fatal error: ac_nonexistent.h: No such file or directory
 #include <ac_nonexistent.h>
                            ^
compilation terminated.
configure:4454: $? = 1
configure: failed program was:
| /* confdefs.h */
| #define PACKAGE_NAME "libgcrypt"
| #define PACKAGE_TARNAME "libgcrypt"
| #define PACKAGE_VERSION "1.6.2"
| #define PACKAGE_STRING "libgcrypt 1.6.2"
| #define PACKAGE_BUGREPORT "http://bugs.gnupg.org"
| #define PACKAGE_URL ""
| #define PACKAGE "libgcrypt"
| #define VERSION "1.6.2"
| #define PACKAGE "libgcrypt"
| #define VERSION "1.6.2"
| /* end confdefs.h.  */
| #include <ac_nonexistent.h>
configure:4479: result: gcc -E
configure:4499: gcc -E  conftest.c
configure:4499: $? = 0
configure:4513: gcc -E  conftest.c
conftest.c:13:28: fatal error: ac_nonexistent.h: No such file or directory
 #include <ac_nonexistent.h>
                            ^
compilation terminated.
configure:4513: $? = 1
configure: failed program was:
| /* confdefs.h */
| #define PACKAGE_NAME "libgcrypt"
| #define PACKAGE_TARNAME "libgcrypt"
| #define PACKAGE_VERSION "1.6.2"
| #define PACKAGE_STRING "libgcrypt 1.6.2"
| #define PACKAGE_BUGREPORT "http://bugs.gnupg.org"
| #define PACKAGE_URL ""
| #define PACKAGE "libgcrypt"
| #define VERSION "1.6.2"
| #define PACKAGE "libgcrypt"
| #define VERSION "1.6.2"
| /* end confdefs.h.  */
| #include <ac_nonexistent.h>
configure:4542: checking whether gcc and cc understand -c and -o together
configure:4573: gcc -c conftest.c -o conftest2.o >&5
configure:4577: $? = 0
configure:4583: gcc -c conftest.c -o conftest2.o >&5
configure:4587: $? = 0
configure:4598: cc -c conftest.c >&5
configure:4602: $? = 0
configure:4610: cc -c conftest.c -o conftest2.o >&5
configure:4614: $? = 0
configure:4620: cc -c conftest.c -o conftest2.o >&5
configure:4624: $? = 0
configure:4642: result: yes
configure:4676: checking dependency style of gcc
configure:4785: result: gcc3
configure:4801: checking for library containing strerror
configure:4832: gcc -o conftest -g -O2   conftest.c  >&5
configure:4832: $? = 0
configure:4849: result: none required
configure:4862: checking for gawk
configure:4889: result: gawk
configure:4902: checking for grep that handles long lines and -e
configure:4960: result: /bin/grep
configure:4965: checking for egrep
configure:5027: result: /bin/grep -E
configure:5032: checking for ANSI C header files
configure:5052: gcc -c -g -O2  conftest.c >&5
configure:5052: $? = 0
configure:5125: gcc -o conftest -g -O2   conftest.c  >&5
configure:5125: $? = 0
configure:5125: ./conftest
configure:5125: $? = 0
configure:5136: result: yes
configure:5149: checking for sys/types.h
configure:5149: gcc -c -g -O2  conftest.c >&5
configure:5149: $? = 0
configure:5149: result: yes
configure:5149: checking for sys/stat.h
configure:5149: gcc -c -g -O2  conftest.c >&5
configure:5149: $? = 0
configure:5149: result: yes
configure:5149: checking for stdlib.h
configure:5149: gcc -c -g -O2  conftest.c >&5
configure:5149: $? = 0
configure:5149: result: yes
configure:5149: checking for string.h
configure:5149: gcc -c -g -O2  conftest.c >&5
configure:5149: $? = 0
configure:5149: result: yes
configure:5149: checking for memory.h
configure:5149: gcc -c -g -O2  conftest.c >&5
configure:5149: $? = 0
configure:5149: result: yes
configure:5149: checking for strings.h
configure:5149: gcc -c -g -O2  conftest.c >&5
configure:5149: $? = 0
configure:5149: result: yes
configure:5149: checking for inttypes.h
configure:5149: gcc -c -g -O2  conftest.c >&5
configure:5149: $? = 0
configure:5149: result: yes
configure:5149: checking for stdint.h
configure:5149: gcc -c -g -O2  conftest.c >&5
configure:5149: $? = 0
configure:5149: result: yes
configure:5149: checking for unistd.h
configure:5149: gcc -c -g -O2  conftest.c >&5
configure:5149: $? = 0
configure:5149: result: yes
configure:5162: checking minix/config.h usability
configure:5162: gcc -c -g -O2  conftest.c >&5
conftest.c:56:26: fatal error: minix/config.h: No such file or directory
 #include <minix/config.h>
                          ^
compilation terminated.
configure:5162: $? = 1
configure: failed program was:
| /* confdefs.h */
| #define PACKAGE_NAME "libgcrypt"
| #define PACKAGE_TARNAME "libgcrypt"
| #define PACKAGE_VERSION "1.6.2"
| #define PACKAGE_STRING "libgcrypt 1.6.2"
| #define PACKAGE_BUGREPORT "http://bugs.gnupg.org"
| #define PACKAGE_URL ""
| #define PACKAGE "libgcrypt"
| #define VERSION "1.6.2"
| #define PACKAGE "libgcrypt"
| #define VERSION "1.6.2"
| #define STDC_HEADERS 1
| #define HAVE_SYS_TYPES_H 1
| #define HAVE_SYS_STAT_H 1
| #define HAVE_STDLIB_H 1
| #define HAVE_STRING_H 1
| #define HAVE_MEMORY_H 1
| #define HAVE_STRINGS_H 1
| #define HAVE_INTTYPES_H 1
| #define HAVE_STDINT_H 1
| #define HAVE_UNISTD_H 1
| /* end confdefs.h.  */
| #include <stdio.h>
| #ifdef HAVE_SYS_TYPES_H
| # include <sys/types.h>
| #endif
| #ifdef HAVE_SYS_STAT_H
| # include <sys/stat.h>
| #endif
| #ifdef STDC_HEADERS
| # include <stdlib.h>
| # include <stddef.h>
| #else
| # ifdef HAVE_STDLIB_H
| #  include <stdlib.h>
| # endif
| #endif
| #ifdef HAVE_STRING_H
| # if !defined STDC_HEADERS && defined HAVE_MEMORY_H
| #  include <memory.h>
| # endif
| # include <string.h>
| #endif
| #ifdef HAVE_STRINGS_H
| # include <strings.h>
| #endif
| #ifdef HAVE_INTTYPES_H
| # include <inttypes.h>
| #endif
| #ifdef HAVE_STDINT_H
| # include <stdint.h>
| #endif
| #ifdef HAVE_UNISTD_H
| # include <unistd.h>
| #endif
| #include <minix/config.h>
configure:5162: result: no
configure:5162: checking minix/config.h presence
configure:5162: gcc -E  conftest.c
conftest.c:23:26: fatal error: minix/config.h: No such file or directory
 #include <minix/config.h>
                          ^
compilation terminated.
configure:5162: $? = 1
configure: failed program was:
| /* confdefs.h */
| #define PACKAGE_NAME "libgcrypt"
| #define PACKAGE_TARNAME "libgcrypt"
| #define PACKAGE_VERSION "1.6.2"
| #define PACKAGE_STRING "libgcrypt 1.6.2"
| #define PACKAGE_BUGREPORT "http://bugs.gnupg.org"
| #define PACKAGE_URL ""
| #define PACKAGE "libgcrypt"
| #define VERSION "1.6.2"
| #define PACKAGE "libgcrypt"
| #define VERSION "1.6.2"
| #define STDC_HEADERS 1
| #define HAVE_SYS_TYPES_H 1
| #define HAVE_SYS_STAT_H 1
| #define HAVE_STDLIB_H 1
| #define HAVE_STRING_H 1
| #define HAVE_MEMORY_H 1
| #define HAVE_STRINGS_H 1
| #define HAVE_INTTYPES_H 1
| #define HAVE_STDINT_H 1
| #define HAVE_UNISTD_H 1
| /* end confdefs.h.  */
| #include <minix/config.h>
configure:5162: result: no
configure:5162: checking for minix/config.h
configure:5162: result: no
configure:5183: checking whether it is safe to define __EXTENSIONS__
configure:5201: gcc -c -g -O2  conftest.c >&5
configure:5201: $? = 0
configure:5208: result: yes
configure:5230: checking for cc for build
configure:5237: result: gcc
configure:5289: checking how to print strings
configure:5316: result: printf
configure:5337: checking for a sed that does not truncate output
configure:5401: result: /bin/sed
configure:5419: checking for fgrep
configure:5481: result: /bin/grep -F
configure:5516: checking for ld used by gcc
configure:5583: result: /bin/ld
configure:5590: checking if the linker (/bin/ld) is GNU ld
configure:5605: result: yes
configure:5617: checking for BSD- or MS-compatible name lister (nm)
configure:5666: result: /bin/nm -B
configure:5796: checking the name lister (/bin/nm -B) interface
configure:5803: gcc -c -g -O2  conftest.c >&5
configure:5806: /bin/nm -B "conftest.o"
configure:5809: output
0000000000000000 B some_variable
configure:5816: result: BSD nm
configure:5819: checking whether ln -s works
configure:5823: result: yes
configure:5831: checking the maximum length of command line arguments
configure:5961: result: 1572864
configure:5978: checking whether the shell understands some XSI constructs
configure:5988: result: yes
configure:5992: checking whether the shell understands "+="
configure:5998: result: yes
configure:6033: checking how to convert x86_64-unknown-linux-gnu file names to x86_64-unknown-linux-gnu format
configure:6073: result: func_convert_file_noop
configure:6080: checking how to convert x86_64-unknown-linux-gnu file names to toolchain format
configure:6100: result: func_convert_file_noop
configure:6107: checking for /bin/ld option to reload object files
configure:6114: result: -r
configure:6188: checking for objdump
configure:6204: found /bin/objdump
configure:6215: result: objdump
configure:6244: checking how to recognize dependent libraries
configure:6446: result: pass_all
configure:6531: checking for dlltool
configure:6561: result: no
configure:6588: checking how to associate runtime and link libraries
configure:6615: result: printf %s\n
configure:6675: checking for ar
configure:6691: found /bin/ar
configure:6702: result: ar
configure:6739: checking for archiver @FILE support
configure:6756: gcc -c -g -O2  conftest.c >&5
configure:6756: $? = 0
configure:6759: ar cru libconftest.a @conftest.lst >&5
configure:6762: $? = 0
configure:6767: ar cru libconftest.a @conftest.lst >&5
ar: conftest.o: No such file or directory
configure:6770: $? = 1
configure:6782: result: @
configure:6840: checking for strip
configure:6856: found /bin/strip
configure:6867: result: strip
configure:6939: checking for ranlib
configure:6955: found /bin/ranlib
configure:6966: result: ranlib
configure:7068: checking command to parse /bin/nm -B output from gcc object
configure:7188: gcc -c -g -O2  conftest.c >&5
configure:7191: $? = 0
configure:7195: /bin/nm -B conftest.o \| sed -n -e 's/^.*[ ]\([ABCDGIRSTW][ABCDGIRSTW]*\)[ ][ ]*\([_A-Za-z][_A-Za-z0-9]*\)$/\1 \2 \2/p' | sed '/ __gnu_lto/d' \> conftest.nm
configure:7198: $? = 0
configure:7264: gcc -o conftest -g -O2   conftest.c conftstm.o >&5
configure:7267: $? = 0
configure:7305: result: ok
configure:7342: checking for sysroot
configure:7372: result: no
configure:7449: gcc -c -g -O2  conftest.c >&5
configure:7452: $? = 0
configure:7634: checking for mt
configure:7664: result: no
configure:7684: checking if : is a manifest tool
configure:7690: : '-?'
configure:7698: result: no
configure:8337: checking for dlfcn.h
configure:8337: gcc -c -g -O2  conftest.c >&5
configure:8337: $? = 0
configure:8337: result: yes
configure:8840: checking for objdir
configure:8855: result: .libs
configure:9126: checking if gcc supports -fno-rtti -fno-exceptions
configure:9144: gcc -c -g -O2  -fno-rtti -fno-exceptions conftest.c >&5
cc1: warning: command line option '-fno-rtti' is valid for C++/ObjC++ but not for C [enabled by default]
cc1: warning: command line option '-fno-rtti' is valid for C++/ObjC++ but not for C [enabled by default]
configure:9148: $? = 0
configure:9161: result: no
configure:9488: checking for gcc option to produce PIC
configure:9495: result: -fPIC -DPIC
configure:9503: checking if gcc PIC flag -fPIC -DPIC works
configure:9521: gcc -c -g -O2  -fPIC -DPIC -DPIC conftest.c >&5
configure:9525: $? = 0
configure:9538: result: yes
configure:9567: checking if gcc static flag -static works
configure:9595: result: no
configure:9610: checking if gcc supports -c -o file.o
configure:9631: gcc -c -g -O2  -o out/conftest2.o conftest.c >&5
configure:9635: $? = 0
configure:9657: result: yes
configure:9665: checking if gcc supports -c -o file.o
configure:9712: result: yes
configure:9745: checking whether the gcc linker (/bin/ld -m elf_x86_64) supports shared libraries
configure:10902: result: yes
configure:10939: checking whether -lc should be explicitly linked in
configure:10947: gcc -c -g -O2  conftest.c >&5
configure:10950: $? = 0
configure:10965: gcc -shared  -fPIC -DPIC conftest.o  -v -Wl,-soname -Wl,conftest -o conftest 2\>\&1 \| /bin/grep  -lc  \>/dev/null 2\>\&1
configure:10968: $? = 0
configure:10982: result: no
configure:11142: checking dynamic linker characteristics
configure:11673: gcc -o conftest -g -O2   -Wl,-rpath -Wl,/foo conftest.c  >&5
configure:11673: $? = 0
configure:11907: result: GNU/Linux ld.so
configure:12014: checking how to hardcode library paths into programs
configure:12039: result: immediate
configure:12579: checking whether stripping libraries is possible
configure:12584: result: yes
configure:12619: checking if libtool supports shared libraries
configure:12621: result: yes
configure:12624: checking whether to build shared libraries
configure:12645: result: yes
configure:12648: checking whether to build static libraries
configure:12652: result: no
configure:12732: checking for windres
configure:12762: result: no
configure:13051: checking whether byte ordering is bigendian
configure:13066: gcc -c -g -O2  conftest.c >&5
conftest.c:31:9: error: unknown type name 'not'
         not a universal capable compiler
         ^
conftest.c:31:15: error: expected '=', ',', ';', 'asm' or '__attribute__' before 'universal'
         not a universal capable compiler
               ^
conftest.c:31:15: error: unknown type name 'universal'
configure:13066: $? = 1
configure: failed program was:
| /* confdefs.h */
| #define PACKAGE_NAME "libgcrypt"
| #define PACKAGE_TARNAME "libgcrypt"
| #define PACKAGE_VERSION "1.6.2"
| #define PACKAGE_STRING "libgcrypt 1.6.2"
| #define PACKAGE_BUGREPORT "http://bugs.gnupg.org"
| #define PACKAGE_URL ""
| #define PACKAGE "libgcrypt"
| #define VERSION "1.6.2"
| #define PACKAGE "libgcrypt"
| #define VERSION "1.6.2"
| #define STDC_HEADERS 1
| #define HAVE_SYS_TYPES_H 1
| #define HAVE_SYS_STAT_H 1
| #define HAVE_STDLIB_H 1
| #define HAVE_STRING_H 1
| #define HAVE_MEMORY_H 1
| #define HAVE_STRINGS_H 1
| #define HAVE_INTTYPES_H 1
| #define HAVE_STDINT_H 1
| #define HAVE_UNISTD_H 1
| #define __EXTENSIONS__ 1
| #define _ALL_SOURCE 1
| #define _GNU_SOURCE 1
| #define _POSIX_PTHREAD_SEMANTICS 1
| #define _TANDEM_SOURCE 1
| #define HAVE_DLFCN_H 1
| #define LT_OBJDIR ".libs/"
| /* end confdefs.h.  */
| #ifndef __APPLE_CC__
| 	       not a universal capable compiler
| 	     #endif
| 	     typedef int dummy;
| 
configure:13111: gcc -c -g -O2  conftest.c >&5
configure:13111: $? = 0
configure:13129: gcc -c -g -O2  conftest.c >&5
conftest.c: In function 'main':
conftest.c:37:4: error: unknown type name 'not'
    not big endian
    ^
conftest.c:37:12: error: expected '=', ',', ';', 'asm' or '__attribute__' before 'endian'
    not big endian
            ^
configure:13129: $? = 1
configure: failed program was:
| /* confdefs.h */
| #define PACKAGE_NAME "libgcrypt"
| #define PACKAGE_TARNAME "libgcrypt"
| #define PACKAGE_VERSION "1.6.2"
| #define PACKAGE_STRING "libgcrypt 1.6.2"
| #define PACKAGE_BUGREPORT "http://bugs.gnupg.org"
| #define PACKAGE_URL ""
| #define PACKAGE "libgcrypt"
| #define VERSION "1.6.2"
| #define PACKAGE "libgcrypt"
| #define VERSION "1.6.2"
| #define STDC_HEADERS 1
| #define HAVE_SYS_TYPES_H 1
| #define HAVE_SYS_STAT_H 1
| #define HAVE_STDLIB_H 1
| #define HAVE_STRING_H 1
| #define HAVE_MEMORY_H 1
| #define HAVE_STRINGS_H 1
| #define HAVE_INTTYPES_H 1
| #define HAVE_STDINT_H 1
| #define HAVE_UNISTD_H 1
| #define __EXTENSIONS__ 1
| #define _ALL_SOURCE 1
| #define _GNU_SOURCE 1
| #define _POSIX_PTHREAD_SEMANTICS 1
| #define _TANDEM_SOURCE 1
| #define HAVE_DLFCN_H 1
| #define LT_OBJDIR ".libs/"
| /* end confdefs.h.  */
| #include <sys/types.h>
| 		#include <sys/param.h>
| 
| int
| main ()
| {
| #if BYTE_ORDER != BIG_ENDIAN
| 		 not big endian
| 		#endif
| 
|   ;
|   return 0;
| }
configure:13257: result: no
configure:13285: checking size of unsigned short
configure:13290: gcc -o conftest -g -O2   conftest.c  >&5
configure:13290: $? = 0
configure:13290: ./conftest
configure:13290: $? = 0
configure:13304: result: 2
configure:13318: checking size of unsigned int
configure:13323: gcc -o conftest -g -O2   conftest.c  >&5
configure:13323: $? = 0
configure:13323: ./conftest
configure:13323: $? = 0
configure:13337: result: 4
configure:13351: checking size of unsigned long
configure:13356: gcc -o conftest -g -O2   conftest.c  >&5
configure:13356: $? = 0
configure:13356: ./conftest
configure:13356: $? = 0
configure:13370: result: 8
configure:13384: checking size of unsigned long long
configure:13389: gcc -o conftest -g -O2   conftest.c  >&5
configure:13389: $? = 0
configure:13389: ./conftest
configure:13389: $? = 0
configure:13403: result: 8
configure:13415: checking for uintptr_t
configure:13415: gcc -c -g -O2  conftest.c >&5
configure:13415: $? = 0
configure:13415: gcc -c -g -O2  conftest.c >&5
conftest.c: In function 'main':
conftest.c:70:24: error: expected expression before ')' token
 if (sizeof ((uintptr_t)))
                        ^
configure:13415: $? = 1
configure: failed program was:
| /* confdefs.h */
| #define PACKAGE_NAME "libgcrypt"
| #define PACKAGE_TARNAME "libgcrypt"
| #define PACKAGE_VERSION "1.6.2"
| #define PACKAGE_STRING "libgcrypt 1.6.2"
| #define PACKAGE_BUGREPORT "http://bugs.gnupg.org"
| #define PACKAGE_URL ""
| #define PACKAGE "libgcrypt"
| #define VERSION "1.6.2"
| #define PACKAGE "libgcrypt"
| #define VERSION "1.6.2"
| #define STDC_HEADERS 1
| #define HAVE_SYS_TYPES_H 1
| #define HAVE_SYS_STAT_H 1
| #define HAVE_STDLIB_H 1
| #define HAVE_STRING_H 1
| #define HAVE_MEMORY_H 1
| #define HAVE_STRINGS_H 1
| #define HAVE_INTTYPES_H 1
| #define HAVE_STDINT_H 1
| #define HAVE_UNISTD_H 1
| #define __EXTENSIONS__ 1
| #define _ALL_SOURCE 1
| #define _GNU_SOURCE 1
| #define _POSIX_PTHREAD_SEMANTICS 1
| #define _TANDEM_SOURCE 1
| #define HAVE_DLFCN_H 1
| #define LT_OBJDIR ".libs/"
| #define SIZEOF_UNSIGNED_SHORT 2
| #define SIZEOF_UNSIGNED_INT 4
| #define SIZEOF_UNSIGNED_LONG 8
| #define SIZEOF_UNSIGNED_LONG_LONG 8
| /* end confdefs.h.  */
| #include <stdio.h>
| #ifdef HAVE_SYS_TYPES_H
| # include <sys/types.h>
| #endif
| #ifdef HAVE_SYS_STAT_H
| # include <sys/stat.h>
| #endif
| #ifdef STDC_HEADERS
| # include <stdlib.h>
| # include <stddef.h>
| #else
| # ifdef HAVE_STDLIB_H
| #  include <stdlib.h>
| # endif
| #endif
| #ifdef HAVE_STRING_H
| # if !defined STDC_HEADERS && defined HAVE_MEMORY_H
| #  include <memory.h>
| # endif
| # include <string.h>
| #endif
| #ifdef HAVE_STRINGS_H
| # include <strings.h>
| #endif
| #ifdef HAVE_INTTYPES_H
| # include <inttypes.h>
| #endif
| #ifdef HAVE_STDINT_H
| # include <stdint.h>
| #endif
| #ifdef HAVE_UNISTD_H
| # include <unistd.h>
| #endif
| int
| main ()
| {
| if (sizeof ((uintptr_t)))
| 	    return 0;
|   ;
|   return 0;
| }
configure:13415: result: yes
configure:13505: checking which symmetric ciphers to include
configure:13523: result: arcfour blowfish cast5 des aes twofish serpent rfc2268 seed camellia idea salsa20 gost28147
configure:13539: checking which public-key ciphers to include
configure:13557: result: dsa elgamal rsa ecc
configure:13573: checking which message digests to include
configure:13591: result: crc gostr3411-94 md4 md5 rmd160 sha1 sha256 sha512 tiger whirlpool stribog
configure:13607: checking which key derivation functions to include
configure:13625: result: s2k pkdf2 scrypt
configure:13637: checking which random module to use
configure:13655: result: default
configure:13659: checking whether use of /dev/random is requested
configure:13668: result: yes
configure:13687: checking whether the experimental random daemon is requested
configure:13696: result: no
configure:13714: checking whether MPI assembler modules are requested
configure:13723: result: yes
configure:13727: checking whether memory guard is requested
configure:13736: result: no
configure:13745: checking whether to run large data tests
configure:13754: result: no
configure:13762: checking whether use of capabilities is requested
configure:13772: result: no
configure:13776: checking whether a HMAC binary check is requested
configure:13785: result: no
configure:13795: checking whether padlock support is requested
configure:13804: result: yes
configure:13808: checking whether AESNI support is requested
configure:13817: result: yes
configure:13821: checking whether PCLMUL support is requested
configure:13830: result: yes
configure:13834: checking whether DRNG support is requested
configure:13843: result: yes
configure:13847: checking whether AVX support is requested
configure:13856: result: yes
configure:13860: checking whether AVX2 support is requested
configure:13869: result: yes
configure:13873: checking whether NEON support is requested
configure:13882: result: yes
configure:13886: checking whether a -O flag munging is requested
configure:13895: result: yes
configure:13907: checking whether to enable AMD64 as(1) feature detection
configure:13916: result: yes
configure:14043: checking for gpg-error-config
configure:14076: result: no
configure:14096: checking for GPG Error - version >= 1.11
configure:14151: result: no
configure:14159: error: libgpg-error is needed.
                See ftp://ftp.gnupg.org/gcrypt/libgpg-error/ .

## ---------------- ##
## Cache variables. ##
## ---------------- ##

ac_cv_build=x86_64-unknown-linux-gnu
ac_cv_c_bigendian=no
ac_cv_c_compiler_gnu=yes
ac_cv_env_CCASFLAGS_set=
ac_cv_env_CCASFLAGS_value=
ac_cv_env_CCAS_set=
ac_cv_env_CCAS_value=
ac_cv_env_CC_FOR_BUILD_set=
ac_cv_env_CC_FOR_BUILD_value=
ac_cv_env_CC_set=
ac_cv_env_CC_value=
ac_cv_env_CFLAGS_set=
ac_cv_env_CFLAGS_value=
ac_cv_env_CPPFLAGS_set=
ac_cv_env_CPPFLAGS_value=
ac_cv_env_CPP_set=
ac_cv_env_CPP_value=
ac_cv_env_LDFLAGS_set=
ac_cv_env_LDFLAGS_value=
ac_cv_env_LIBS_set=
ac_cv_env_LIBS_value=
ac_cv_env_build_alias_set=
ac_cv_env_build_alias_value=
ac_cv_env_host_alias_set=
ac_cv_env_host_alias_value=
ac_cv_env_target_alias_set=
ac_cv_env_target_alias_value=
ac_cv_header_dlfcn_h=yes
ac_cv_header_inttypes_h=yes
ac_cv_header_memory_h=yes
ac_cv_header_minix_config_h=no
ac_cv_header_stdc=yes
ac_cv_header_stdint_h=yes
ac_cv_header_stdlib_h=yes
ac_cv_header_string_h=yes
ac_cv_header_strings_h=yes
ac_cv_header_sys_stat_h=yes
ac_cv_header_sys_types_h=yes
ac_cv_header_unistd_h=yes
ac_cv_host=x86_64-unknown-linux-gnu
ac_cv_objext=o
ac_cv_path_EGREP='/bin/grep -E'
ac_cv_path_FGREP='/bin/grep -F'
ac_cv_path_GREP=/bin/grep
ac_cv_path_SED=/bin/sed
ac_cv_path_install='/bin/install -c'
ac_cv_path_mkdir=/bin/mkdir
ac_cv_prog_AWK=gawk
ac_cv_prog_CPP='gcc -E'
ac_cv_prog_ac_ct_AR=ar
ac_cv_prog_ac_ct_CC=gcc
ac_cv_prog_ac_ct_OBJDUMP=objdump
ac_cv_prog_ac_ct_RANLIB=ranlib
ac_cv_prog_ac_ct_STRIP=strip
ac_cv_prog_cc_c89=
ac_cv_prog_cc_g=yes
ac_cv_prog_cc_gcc_c_o=yes
ac_cv_prog_make_make_set=yes
ac_cv_safe_to_define___extensions__=yes
ac_cv_search_strerror='none required'
ac_cv_sizeof_unsigned_int=4
ac_cv_sizeof_unsigned_long=8
ac_cv_sizeof_unsigned_long_long=8
ac_cv_sizeof_unsigned_short=2
ac_cv_type_uintptr_t=yes
am_cv_CCAS_dependencies_compiler_type=gcc3
am_cv_CC_dependencies_compiler_type=gcc3
am_cv_make_support_nested_variables=yes
lt_cv_ar_at_file=@
lt_cv_archive_cmds_need_lc=no
lt_cv_deplibs_check_method=pass_all
lt_cv_file_magic_cmd='$MAGIC_CMD'
lt_cv_file_magic_test_file=
lt_cv_ld_reload_flag=-r
lt_cv_nm_interface='BSD nm'
lt_cv_objdir=.libs
lt_cv_path_LD=/bin/ld
lt_cv_path_NM='/bin/nm -B'
lt_cv_path_mainfest_tool=no
lt_cv_prog_compiler_c_o=yes
lt_cv_prog_compiler_c_o_RC=yes
lt_cv_prog_compiler_pic='-fPIC -DPIC'
lt_cv_prog_compiler_pic_works=yes
lt_cv_prog_compiler_rtti_exceptions=no
lt_cv_prog_compiler_static_works=no
lt_cv_prog_gnu_ld=yes
lt_cv_sharedlib_from_linklib_cmd='printf %s\n'
lt_cv_shlibpath_overrides_runpath=no
lt_cv_sys_global_symbol_pipe='sed -n -e '\''s/^.*[	 ]\([ABCDGIRSTW][ABCDGIRSTW]*\)[	 ][	 ]*\([_A-Za-z][_A-Za-z0-9]*\)$/\1 \2 \2/p'\'' | sed '\''/ __gnu_lto/d'\'''
lt_cv_sys_global_symbol_to_c_name_address='sed -n -e '\''s/^: \([^ ]*\)[ ]*$/  {\"\1\", (void *) 0},/p'\'' -e '\''s/^[ABCDGIRSTW]* \([^ ]*\) \([^ ]*\)$/  {"\2", (void *) \&\2},/p'\'''
lt_cv_sys_global_symbol_to_c_name_address_lib_prefix='sed -n -e '\''s/^: \([^ ]*\)[ ]*$/  {\"\1\", (void *) 0},/p'\'' -e '\''s/^[ABCDGIRSTW]* \([^ ]*\) \(lib[^ ]*\)$/  {"\2", (void *) \&\2},/p'\'' -e '\''s/^[ABCDGIRSTW]* \([^ ]*\) \([^ ]*\)$/  {"lib\2", (void *) \&\2},/p'\'''
lt_cv_sys_global_symbol_to_cdecl='sed -n -e '\''s/^T .* \(.*\)$/extern int \1();/p'\'' -e '\''s/^[ABCDGIRSTW]* .* \(.*\)$/extern char \1;/p'\'''
lt_cv_sys_max_cmd_len=1572864
lt_cv_to_host_file_cmd=func_convert_file_noop
lt_cv_to_tool_file_cmd=func_convert_file_noop

## ----------------- ##
## Output variables. ##
## ----------------- ##

ACLOCAL='${SHELL} /home/rcarreon/sandbox/pysswords/libgcrypt-1.6.2/build-aux/missing --run aclocal-1.11'
AMDEPBACKSLASH='\'
AMDEP_FALSE='#'
AMDEP_TRUE=''
AMTAR='$${TAR-tar}'
AM_BACKSLASH='\'
AM_DEFAULT_V='$(AM_DEFAULT_VERBOSITY)'
AM_DEFAULT_VERBOSITY='1'
AM_V='$(V)'
AR='ar'
AS='as'
AUTOCONF='${SHELL} /home/rcarreon/sandbox/pysswords/libgcrypt-1.6.2/build-aux/missing --run autoconf'
AUTOHEADER='${SHELL} /home/rcarreon/sandbox/pysswords/libgcrypt-1.6.2/build-aux/missing --run autoheader'
AUTOMAKE='${SHELL} /home/rcarreon/sandbox/pysswords/libgcrypt-1.6.2/build-aux/missing --run automake-1.11'
AWK='gawk'
BUILD_FILEVERSION=''
BUILD_REVISION=''
BUILD_TIMESTAMP=''
CC='gcc'
CCAS='gcc'
CCASDEPMODE='depmode=gcc3'
CCASFLAGS='-g -O2'
CCDEPMODE='depmode=gcc3'
CC_FOR_BUILD='gcc'
CFLAGS='-g -O2'
CPP='gcc -E'
CPPFLAGS=''
CROSS_COMPILING_FALSE=''
CROSS_COMPILING_TRUE=''
CYGPATH_W='echo'
DEFS=''
DEPDIR='.deps'
DLLTOOL='false'
DL_LIBS=''
DSYMUTIL=''
DUMPBIN=''
ECHO_C=''
ECHO_N='-n'
ECHO_T=''
EGREP='/bin/grep -E'
ENABLE_O_FLAG_MUNGING_FALSE='#'
ENABLE_O_FLAG_MUNGING_TRUE=''
EXEEXT=''
FALLBACK_SOCKLEN_T=''
FGREP='/bin/grep -F'
GCRYPT_CIPHERS=''
GCRYPT_DIGESTS=''
GCRYPT_HWF_MODULES=''
GCRYPT_KDFS=''
GCRYPT_PUBKEY_CIPHERS=''
GCRYPT_RANDOM=''
GPG_ERROR_CFLAGS=''
GPG_ERROR_CONFIG='no'
GPG_ERROR_LIBS=''
GREP='/bin/grep'
HAVE_LD_VERSION_SCRIPT_FALSE='#'
HAVE_LD_VERSION_SCRIPT_TRUE=''
HAVE_W32CE_SYSTEM_FALSE=''
HAVE_W32CE_SYSTEM_TRUE='#'
HAVE_W32_SYSTEM_FALSE=''
HAVE_W32_SYSTEM_TRUE='#'
INSERT_SYS_SELECT_H=''
INSTALL_DATA='${INSTALL} -m 644'
INSTALL_PROGRAM='${INSTALL}'
INSTALL_SCRIPT='${INSTALL}'
INSTALL_STRIP_PROGRAM='$(install_sh) -c -s'
LD='/bin/ld -m elf_x86_64'
LDFLAGS=''
LIBGCRYPT_CIPHERS=''
LIBGCRYPT_CONFIG_API_VERSION='1'
LIBGCRYPT_CONFIG_CFLAGS=''
LIBGCRYPT_CONFIG_HOST='x86_64-unknown-linux-gnu'
LIBGCRYPT_CONFIG_LIBS='-lgcrypt'
LIBGCRYPT_DIGESTS=''
LIBGCRYPT_LT_AGE='0'
LIBGCRYPT_LT_CURRENT='20'
LIBGCRYPT_LT_REVISION='2'
LIBGCRYPT_PUBKEY_CIPHERS=''
LIBGCRYPT_THREAD_MODULES=''
LIBMULTITHREAD=''
LIBOBJS=''
LIBS=''
LIBTHREAD=''
LIBTOOL='$(SHELL) $(top_builddir)/libtool'
LIPO=''
LN_S='ln -s'
LTLIBMULTITHREAD=''
LTLIBOBJS=''
LTLIBTHREAD=''
MAINT='#'
MAINTAINER_MODE_FALSE=''
MAINTAINER_MODE_TRUE='#'
MAKEINFO='${SHELL} /home/rcarreon/sandbox/pysswords/libgcrypt-1.6.2/build-aux/missing --run makeinfo'
MANIFEST_TOOL=':'
MKDIR_P='/bin/mkdir -p'
MPI_MOD_ASM_MPIH_ADD1_FALSE=''
MPI_MOD_ASM_MPIH_ADD1_TRUE=''
MPI_MOD_ASM_MPIH_LSHIFT_FALSE=''
MPI_MOD_ASM_MPIH_LSHIFT_TRUE=''
MPI_MOD_ASM_MPIH_MUL1_FALSE=''
MPI_MOD_ASM_MPIH_MUL1_TRUE=''
MPI_MOD_ASM_MPIH_MUL2_FALSE=''
MPI_MOD_ASM_MPIH_MUL2_TRUE=''
MPI_MOD_ASM_MPIH_MUL3_FALSE=''
MPI_MOD_ASM_MPIH_MUL3_TRUE=''
MPI_MOD_ASM_MPIH_RSHIFT_FALSE=''
MPI_MOD_ASM_MPIH_RSHIFT_TRUE=''
MPI_MOD_ASM_MPIH_SUB1_FALSE=''
MPI_MOD_ASM_MPIH_SUB1_TRUE=''
MPI_MOD_ASM_UDIV_FALSE=''
MPI_MOD_ASM_UDIV_QRNND_FALSE=''
MPI_MOD_ASM_UDIV_QRNND_TRUE=''
MPI_MOD_ASM_UDIV_TRUE=''
MPI_MOD_C_MPIH_ADD1_FALSE=''
MPI_MOD_C_MPIH_ADD1_TRUE=''
MPI_MOD_C_MPIH_LSHIFT_FALSE=''
MPI_MOD_C_MPIH_LSHIFT_TRUE=''
MPI_MOD_C_MPIH_MUL1_FALSE=''
MPI_MOD_C_MPIH_MUL1_TRUE=''
MPI_MOD_C_MPIH_MUL2_FALSE=''
MPI_MOD_C_MPIH_MUL2_TRUE=''
MPI_MOD_C_MPIH_MUL3_FALSE=''
MPI_MOD_C_MPIH_MUL3_TRUE=''
MPI_MOD_C_MPIH_RSHIFT_FALSE=''
MPI_MOD_C_MPIH_RSHIFT_TRUE=''
MPI_MOD_C_MPIH_SUB1_FALSE=''
MPI_MOD_C_MPIH_SUB1_TRUE=''
MPI_MOD_C_UDIV_FALSE=''
MPI_MOD_C_UDIV_QRNND_FALSE=''
MPI_MOD_C_UDIV_QRNND_TRUE=''
MPI_MOD_C_UDIV_TRUE=''
MPI_SFLAGS=''
NM='/bin/nm -B'
NMEDIT=''
NOEXECSTACK_FLAGS=''
OBJDUMP='objdump'
OBJEXT='o'
OTOOL64=''
OTOOL=''
PACKAGE='libgcrypt'
PACKAGE_BUGREPORT='http://bugs.gnupg.org'
PACKAGE_NAME='libgcrypt'
PACKAGE_STRING='libgcrypt 1.6.2'
PACKAGE_TARNAME='libgcrypt'
PACKAGE_URL=''
PACKAGE_VERSION='1.6.2'
PATH_SEPARATOR=':'
PTH_CFLAGS=''
PTH_CONFIG=''
PTH_LIBS=''
RANLIB='ranlib'
RC=''
RUN_LARGE_DATA_TESTS='no'
SED='/bin/sed'
SET_MAKE=''
SHELL='/bin/sh'
STRIP='strip'
SYS_SOCKET_H=''
USE_RANDOM_DAEMON_FALSE=''
USE_RANDOM_DAEMON_TRUE='#'
VERSION='1.6.2'
VERSION_NUMBER='0x010602'
ac_ct_AR='ar'
ac_ct_CC='gcc'
ac_ct_DUMPBIN=''
am__EXEEXT_FALSE=''
am__EXEEXT_TRUE=''
am__fastdepCCAS_FALSE='#'
am__fastdepCCAS_TRUE=''
am__fastdepCC_FALSE='#'
am__fastdepCC_TRUE=''
am__include='include'
am__isrc=''
am__leading_dot='.'
am__nodep='_no'
am__quote=''
am__tar='$${TAR-tar} chof - "$$tardir"'
am__untar='$${TAR-tar} xf -'
bindir='${exec_prefix}/bin'
build='x86_64-unknown-linux-gnu'
build_alias=''
build_cpu='x86_64'
build_os='linux-gnu'
build_vendor='unknown'
datadir='${datarootdir}'
datarootdir='${prefix}/share'
docdir='${datarootdir}/doc/${PACKAGE_TARNAME}'
dvidir='${docdir}'
emacs_local_vars_begin='Local Variables:'
emacs_local_vars_end='End:'
emacs_local_vars_read_only='buffer-read-only: t'
exec_prefix='NONE'
host='x86_64-unknown-linux-gnu'
host_alias=''
host_cpu='x86_64'
host_os='linux-gnu'
host_vendor='unknown'
htmldir='${docdir}'
includedir='${prefix}/include'
infodir='${datarootdir}/info'
install_sh='${SHELL} /home/rcarreon/sandbox/pysswords/libgcrypt-1.6.2/build-aux/install-sh'
libdir='${exec_prefix}/lib'
libexecdir='${exec_prefix}/libexec'
localedir='${datarootdir}/locale'
localstatedir='${prefix}/var'
mandir='${datarootdir}/man'
mkdir_p='/bin/mkdir -p'
oldincludedir='/usr/include'
pdfdir='${docdir}'
prefix='NONE'
program_transform_name='s,x,x,'
psdir='${docdir}'
sbindir='${exec_prefix}/sbin'
sharedstatedir='${prefix}/com'
sysconfdir='${prefix}/etc'
target_alias=''

## ----------- ##
## confdefs.h. ##
## ----------- ##

/* confdefs.h */
#define PACKAGE_NAME "libgcrypt"
#define PACKAGE_TARNAME "libgcrypt"
#define PACKAGE_VERSION "1.6.2"
#define PACKAGE_STRING "libgcrypt 1.6.2"
#define PACKAGE_BUGREPORT "http://bugs.gnupg.org"
#define PACKAGE_URL ""
#define PACKAGE "libgcrypt"
#define VERSION "1.6.2"
#define PACKAGE "libgcrypt"
#define VERSION "1.6.2"
#define STDC_HEADERS 1
#define HAVE_SYS_TYPES_H 1
#define HAVE_SYS_STAT_H 1
#define HAVE_STDLIB_H 1
#define HAVE_STRING_H 1
#define HAVE_MEMORY_H 1
#define HAVE_STRINGS_H 1
#define HAVE_INTTYPES_H 1
#define HAVE_STDINT_H 1
#define HAVE_UNISTD_H 1
#define __EXTENSIONS__ 1
#define _ALL_SOURCE 1
#define _GNU_SOURCE 1
#define _POSIX_PTHREAD_SEMANTICS 1
#define _TANDEM_SOURCE 1
#define HAVE_DLFCN_H 1
#define LT_OBJDIR ".libs/"
#define SIZEOF_UNSIGNED_SHORT 2
#define SIZEOF_UNSIGNED_INT 4
#define SIZEOF_UNSIGNED_LONG 8
#define SIZEOF_UNSIGNED_LONG_LONG 8
#define HAVE_UINTPTR_T 1
#define EGD_SOCKET_NAME ""
#define PRINTABLE_OS_NAME "GNU/Linux"
#define NAME_OF_DEV_RANDOM "/dev/random"
#define NAME_OF_DEV_URANDOM "/dev/urandom"

configure: exit 1
